<?xml version="1.0" encoding="UTF-8"?>
<!-- Generated by org.testng.reporters.JUnitReportReporter -->
<testsuite hostname="DESKTOP-RHOKNN5" failures="0" tests="1" name="Dhanu.JankinsTest" time="0.015" errors="0" timestamp="2022-09-16T11:29:46 IST" skipped="0">
  <testcase classname="Dhanu.JankinsTest" name="jankinsTest" time="0.015"/>
  <system-out/>
</testsuite> <!-- Dhanu.JankinsTest -->
