<?xml version="1.0" encoding="UTF-8"?>
<!-- Generated by org.testng.reporters.JUnitReportReporter -->
<testsuite hostname="DESKTOP-RHOKNN5" failures="0" tests="2" name="Dhanu.JankinsTest" time="0.018" errors="0" timestamp="2022-09-16T19:29:51 IST" skipped="0">
  <testcase classname="Dhanu.JankinsTest" name="jankinsTest" time="0.002"/>
  <system-out/>
  <testcase classname="Dhanu.JankinsTest" name="addTest" time="0.016"/>
  <system-out/>
</testsuite> <!-- Dhanu.JankinsTest -->
